C51 COMPILER V9.01   DHT11_FUNCTIONS                                                       02/23/2016 22:16:19 PAGE 1   


C51 COMPILER V9.01, COMPILATION OF MODULE DHT11_FUNCTIONS
OBJECT MODULE PLACED IN .\Objects\DHT11_FUNCTIONS.obj
COMPILER INVOKED BY: D:\keil\C51\BIN\C51.EXE DHT11_FUNCTIONS.c OPTIMIZE(8,SPEED) BROWSE DEBUG OBJECTEXTEND PRINT(.\Listi
                    -ngs\DHT11_FUNCTIONS.lst) OBJECT(.\Objects\DHT11_FUNCTIONS.obj)

line level    source

   1          #include "DHT11_FUNCTIONS.h"
   2          #include <reg52.h>
   3          #include "COMMON_FUNC.h"
   4          //计数变量
   5          #define NUMBER 20
   6          //端口声明
   7          sbit DHT11_DATA = P3^2;
   8          
   9          #define SIZE 5
  10          static uchar status;
  11          static uchar data_array[SIZE];
  12          
  13          //读取一个字节
  14          static uchar DHT11_READ_VALUE()
  15          {
  16   1              uchar count, value = 0, i;
  17   1              status = OK;
  18   1              for(i = 8;i > 0;i--)
  19   1              {
  20   2                      value <<= 1;
  21   2                      count = 0;
  22   2                      //读取一位数据前等待50us低电平
  23   2                      while((DHT11_DATA) != 1 && (count++ < NUMBER));
  24   2                      if(count > NUMBER)
  25   2                      {
  26   3                              status = ERROR;
  27   3                              return ERROR;
  28   3                      }
  29   2                      
  30   2                      count = 0;
  31   2                      
  32   2                      delay_10us();
  33   2                      delay_10us();
  34   2                      delay_10us();
  35   2                      
  36   2                      //26-28us高电平表示该位为0，70us为1
  37   2                      if(DHT11_DATA != 0)//数据1
  38   2                      {
  39   3                              value++;
  40   3                              //等待剩余高电平时间结束
  41   3                              while((DHT11_DATA) != 0 && (count++ < NUMBER))
  42   3                                      DHT11_DATA = 1;
  43   3                              
  44   3                              if(count > NUMBER)
  45   3                              {
  46   4                                      status = ERROR;
  47   4                                      return 0;
  48   4                              }
  49   3                      }
  50   2              }
  51   1              return value;
  52   1      }
  53          
  54          //读取温度和湿度
C51 COMPILER V9.01   DHT11_FUNCTIONS                                                       02/23/2016 22:16:19 PAGE 2   

  55          extern uchar READ_DHT11(int* t_h, int* h_h, int* t_l, int* h_l)
  56          {
  57   1              uchar check = 0, i = 0, count = 0;
  58   1              //全局中断关闭
  59   1              EA = 0;
  60   1              //拉低数据线18ms以上
  61   1              DHT11_DATA = 0;
  62   1              delay_ms(20);
  63   1              DHT11_DATA = 1;
  64   1              //延时20-40us等待80us应答信号
  65   1              delay_10us();
  66   1              delay_10us();
  67   1              delay_10us();
  68   1              delay_10us();
  69   1              delay_10us();
  70   1              
  71   1              if(DHT11_DATA != 0)
  72   1              {
  73   2                      EA = 1;
  74   2                      return ERROR;
  75   2              }
  76   1              else
  77   1              {
  78   2                      //等待剩余低电平时间结束
  79   2                      while((DHT11_DATA) == 0 && (count++ < NUMBER));
  80   2                      if(count > NUMBER)
  81   2                      {
  82   3                              EA = 1;
  83   3                              DHT11_DATA = 1;
  84   3                              return ERROR;
  85   3                      }
  86   2                      count = 0;
  87   2                      DHT11_DATA = 1;//释放数据线
  88   2                      //应答信号后的80us高电平
  89   2                      while((DHT11_DATA) != 0 && (count++ < NUMBER));
  90   2                      if(count >= NUMBER)
  91   2                      {
  92   3                              EA = 1;
  93   3                              DHT11_DATA = 1;
  94   3                              return ERROR;
  95   3                      }
  96   2                      //读出湿温度
  97   2                      for(i = 0;i < SIZE;i++)
  98   2                      {
  99   3                              data_array[i] = DHT11_READ_VALUE();
 100   3                              if(status == ERROR)
 101   3                              {
 102   4                                      EA = 1;
 103   4                                      DHT11_DATA = 1;
 104   4                                      return ERROR;
 105   4                              }
 106   3                              if(i != SIZE - 1)
 107   3                              {
 108   4                                      check += data_array[i];
 109   4                              }
 110   3                      }
 111   2                      //没发生读取错误，校验数据
 112   2                      if(check == data_array[SIZE - 1])
 113   2                      {
 114   3                              *h_h = data_array[0];
 115   3                              *h_l = data_array[1];
 116   3                              *t_h = data_array[2];
C51 COMPILER V9.01   DHT11_FUNCTIONS                                                       02/23/2016 22:16:19 PAGE 3   

 117   3                              *t_l = data_array[3];
 118   3                              
 119   3                              
 120   3                              EA = 1;
 121   3                              DHT11_DATA = 1;
 122   3                              return OK;
 123   3                      }
 124   2                      else
 125   2                      {
 126   3                              EA = 1;
 127   3                              return ERROR;
 128   3                      }
 129   2              }
 130   1      }
 131          
 132          extern unsigned char READ_DHT11_toStr(unsigned char* t_str, unsigned char* h_str)
 133          {
 134   1              int th, tl, hh, hl;
 135   1              if(READ_DHT11(&th, &hh, &tl, &hl) == OK)
 136   1              {
 137   2                      t_str[0] = 'T';
 138   2                      t_str[1] = num2char[th / 10];
 139   2                      t_str[2] = num2char[th % 10];
 140   2                      h_str[0] = 'H';
 141   2                      h_str[1] = num2char[hh / 10];
 142   2                      h_str[2] = num2char[hh % 10];
 143   2                      return OK;
 144   2              }
 145   1              else
 146   1              {
 147   2                      return ERROR;
 148   2              }
 149   1      }


MODULE INFORMATION:   STATIC OVERLAYABLE
   CODE SIZE        =    533    ----
   CONSTANT SIZE    =   ----    ----
   XDATA SIZE       =   ----    ----
   PDATA SIZE       =   ----    ----
   DATA SIZE        =      6      32
   IDATA SIZE       =   ----    ----
   BIT SIZE         =   ----    ----
END OF MODULE INFORMATION.


C51 COMPILATION COMPLETE.  0 WARNING(S),  0 ERROR(S)
