C51 COMPILER V9.01   FUNCTION_FOR_MAIN                                                     02/23/2016 22:16:20 PAGE 1   


C51 COMPILER V9.01, COMPILATION OF MODULE FUNCTION_FOR_MAIN
OBJECT MODULE PLACED IN .\Objects\function_for_main.obj
COMPILER INVOKED BY: D:\keil\C51\BIN\C51.EXE function_for_main.c OPTIMIZE(8,SPEED) BROWSE DEBUG OBJECTEXTEND PRINT(.\Lis
                    -tings\function_for_main.lst) OBJECT(.\Objects\function_for_main.obj)

line level    source

   1          #include "FUNCTION_FOR_MAIN.h"
   2          
   3          
   4          //收到数据的标志位
   5          static bit DATA_COME;
   6          
   7          //来自串口的数据
   8          static uchar DATA_BUF_R;
   9          
  10          //初始化设备
  11          extern void init()
  12          {
  13   1              DATA_COME = 0;
  14   1              init_serial_com();
  15   1              init_servos_motors();
  16   1              LCD_1602_INIT();
  17   1      }
  18          
  19          //消息处理程序
  20          extern void TranslateMsg(uchar msg)
  21          {
  22   1              uchar buf[5], b_h[3], b_t[3];
  23   1              uchar count;
  24   1              switch(msg)
  25   1              {
  26   2                      //对电机的操作
  27   2                      case 'U':
  28   2                      case 'L':
  29   2                      case 'R':
  30   2                      case 'D':
  31   2                              motor_ctrl(msg);
  32   2                              break;
  33   2                      case 's':
  34   2                              set_auto(0);
  35   2                              motor_ctrl('s');
  36   2                              break;
  37   2                      case 'l':
  38   2                              set_angleF(17);
  39   2                              break;
  40   2                      case 'f':
  41   2                              set_angleF(11);
  42   2                              break;
  43   2                      case 'r':
  44   2                              set_angleF(5);
  45   2                              break;
  46   2                      case '1':
  47   2                              set_angleB(5);
  48   2                              break;
  49   2                      case '2':
  50   2                              set_angleB(11);
  51   2                              break;
  52   2                      case '3':
  53   2                              set_angleB(22);
  54   2                              break;
C51 COMPILER V9.01   FUNCTION_FOR_MAIN                                                     02/23/2016 22:16:20 PAGE 2   

  55   2                      case '-':
  56   2                              angleFDec();
  57   2                              break;
  58   2                      case '+':
  59   2                              angleFInc();
  60   2                              break;
  61   2                      case 'J':
  62   2                              angleBDec();
  63   2                              break;
  64   2                      case 'j':
  65   2                              angleBInc();
  66   2                              break;
  67   2                      case 'A'://一档
  68   2                              set_speed(40);
  69   2                              LCD1602_new_str("Level 1", sizeof("Level 1")  - 1);
  70   2                              break;
  71   2                      case 'B':
  72   2                              set_speed(80);
  73   2                              LCD1602_new_str("Level 2", sizeof("Level 2")  - 1);
  74   2                              break;
  75   2                      case 'C':
  76   2                              set_speed(120);
  77   2                              LCD1602_new_str("Level 3", sizeof("Level 3")  - 1);
  78   2                              break;
  79   2                      case 'E':
  80   2                              set_speed(160);
  81   2                              LCD1602_new_str("Level 4", sizeof("Level 4")  - 1);
  82   2                              break;
  83   2                      case 'F':
  84   2                              set_speed(200);
  85   2                              LCD1602_new_str("Level 5", sizeof("Level 5")  - 1);
  86   2                              break;
  87   2                      case 'T':
  88   2                              send_string("MOK",sizeof("MOK") - 1);
  89   2                              break;
  90   2                      case 'N':
  91   2                              measure_distanceF2str(buf);
  92   2                              send_string(buf, 5);
  93   2                              measure_distanceB2str(buf);
  94   2                              send_string(buf, 5);
  95   2                              break;
  96   2                      case 'n':
  97   2                              count = 0;
  98   2                              while(READ_DHT11_toStr(b_t, b_h) == ERROR && (++count) <= 3);//DHT11不太稳定，测量三次
  99   2                              if(count <= 3)
 100   2                              {
 101   3                                      send_string(b_t, 3);
 102   3                                      send_string(b_h, 3);
 103   3                              }
 104   2                              else
 105   2                              {
 106   3                                      send_string("TRetry", sizeof("TRetry") - 1);
 107   3                                      send_string("HRetry", sizeof("HRetry") - 1);
 108   3                              }
 109   2                              break;
 110   2                      case 'S':
 111   2                              set_connected(1);
 112   2                              break;
 113   2                      case 'O':
 114   2                              set_connected(0);
 115   2                              break;
 116   2                      case '#':
C51 COMPILER V9.01   FUNCTION_FOR_MAIN                                                     02/23/2016 22:16:20 PAGE 3   

 117   2                              set_auto_renew(1);
 118   2                              break;
 119   2                      case '$':
 120   2                              set_auto_renew(0);
 121   2                              break;
 122   2                      case 'P':
 123   2                              set_auto(1);
 124   2                              set_speed(120);
 125   2                              break;
 126   2              }
 127   1      }
 128          
 129          //串口收到信息标志置位
 130          extern void set_data_come(bit value)
 131          {
 132   1              DATA_COME = value;
 133   1      }
 134          
 135          extern bit get_data_come()
 136          {
 137   1              return DATA_COME;
 138   1      }
 139          
 140          //获取接收到的数据
 141          extern uchar get_data()
 142          {
 143   1              return DATA_BUF_R;
 144   1      }
 145          
 146          //串口中断函数
 147          void serial_com() interrupt 4
 148          {
 149   1              RI = 0; 
 150   1              DATA_BUF_R = SBUF;
 151   1              if(DATA_BUF_R == '&')//收到信息交换标志（继续发送）
 152   1              {
 153   2                      set_response_flag(1);
 154   2              }
 155   1              else
 156   1              {
 157   2                      DATA_COME = 1;//收到其他控制信息
 158   2              }
 159   1      }


MODULE INFORMATION:   STATIC OVERLAYABLE
   CODE SIZE        =    466    ----
   CONSTANT SIZE    =     58    ----
   XDATA SIZE       =   ----    ----
   PDATA SIZE       =   ----    ----
   DATA SIZE        =      1      12
   IDATA SIZE       =   ----    ----
   BIT SIZE         =      1       1
END OF MODULE INFORMATION.


C51 COMPILATION COMPLETE.  0 WARNING(S),  0 ERROR(S)
