C51 COMPILER V9.01   SERVO                                                                 02/04/2016 13:36:14 PAGE 1   


C51 COMPILER V9.01, COMPILATION OF MODULE SERVO
OBJECT MODULE PLACED IN .\Objects\SERVO.obj
COMPILER INVOKED BY: D:\keil\C51\BIN\C51.EXE SERVO.c OPTIMIZE(8,SPEED) BROWSE DEBUG OBJECTEXTEND PRINT(.\Listings\SERVO.
                    -lst) OBJECT(.\Objects\SERVO.obj)

line level    source

   1          #include <reg52.h>
   2          #include "SERVO.h"
   3          #include "COMMON_FUNC.h"
   4          sbit servo_F = P2^3;
   5          sbit servo_B = P2^2;
   6          static uchar angle_F, angle_B;
   7          static uchar count = 0;
   8          //初始化定时器0
   9          static void init_T0_for_servo()
  10          {
  11   1              TMOD |= 0x01;//定时器0为工作方式一
  12   1              IE |= 0x82;
  13   1              TH0 = 0xFF;
  14   1              TL0 = 0xA3;
  15   1              TR0 = 1;
  16   1      }
  17          //初始化舵机
  18          extern void init_servos()
  19          {
  20   1              init_T0_for_servo();
  21   1              set_angleF(12);
  22   1              set_angleB(12);
  23   1      }
  24          //设置角度的函数
  25          //角度参考值（angle-角度）：5-0、10-45、15-90、20-135、25-180
  26          extern void set_angleF(uchar angle)
  27          {
  28   1              angle_F = angle;
  29   1      }
  30          extern void set_angleB(uchar angle)
  31          {
  32   1              angle_B = angle;
  33   1      }
  34          
  35          //定时器0中断函数
  36          void timer0_intrrupt() interrupt 1
  37          {
  38   1              TH0 = 0xFF;
  39   1              TL0 = 0xA3;
  40   1              count = (++count) % 200;
  41   1              if(count < angle_F)
  42   1              {
  43   2                      servo_F = 1;
  44   2              }
  45   1              else
  46   1              {
  47   2                      servo_F = 0;
  48   2              }
  49   1              if(count < angle_B)
  50   1              {
  51   2                      servo_B = 1;
  52   2              }
  53   1              else
  54   1              {
C51 COMPILER V9.01   SERVO                                                                 02/04/2016 13:36:14 PAGE 2   

  55   2                      servo_B = 0;
  56   2              }
  57   1      }


MODULE INFORMATION:   STATIC OVERLAYABLE
   CODE SIZE        =     90    ----
   CONSTANT SIZE    =   ----    ----
   XDATA SIZE       =   ----    ----
   PDATA SIZE       =   ----    ----
   DATA SIZE        =      3    ----
   IDATA SIZE       =   ----    ----
   BIT SIZE         =   ----    ----
END OF MODULE INFORMATION.


C51 COMPILATION COMPLETE.  0 WARNING(S),  0 ERROR(S)
