C51 COMPILER V9.01   ULTRASOUND                                                            02/23/2016 22:16:19 PAGE 1   


C51 COMPILER V9.01, COMPILATION OF MODULE ULTRASOUND
OBJECT MODULE PLACED IN .\Objects\ULTRASOUND.obj
COMPILER INVOKED BY: D:\keil\C51\BIN\C51.EXE ULTRASOUND.c OPTIMIZE(8,SPEED) BROWSE DEBUG OBJECTEXTEND PRINT(.\Listings\U
                    -LTRASOUND.lst) OBJECT(.\Objects\ULTRASOUND.obj)

line level    source

   1          #include <reg52.h>
   2          #include "COMMON_FUNC.h"
   3          #include "ULTRASOUND.h"
   4          
   5          //端口声明
   6          sbit trigF = P2^4;
   7          sbit echoF = P2^5;
   8          sbit trigB = P2^6;
   9          sbit echoB = P2^7;
  10          
  11          static void init_T2()
  12          {
  13   1              T2CON = 0x00;
  14   1              TH2 = 0;
  15   1              TL2 = 0;
  16   1      }
  17          
  18          //前测距
  19          extern void measure_distanceF(unsigned int *distance)
  20          {
  21   1              init_T2();
  22   1              
  23   1              *distance = 0;
  24   1              
  25   1              send_trigF();
  26   1              
  27   1              while(!echoF);
  28   1              //开始计时
  29   1           TR2 = 1;
  30   1              while(echoF);
  31   1           TR2 = 0;
  32   1              //单位cm
  33   1              *distance = ((TH2*256 + TL2) * 1.866) / 100;
  34   1      }
  35          
  36          extern void send_trigF()
  37          {
  38   1              trigF = 1;
  39   1          delay_10us();
  40   1          trigF = 0;
  41   1      }
  42          
  43          //后测距
  44          extern void measure_distanceB(unsigned int *distance)
  45          {
  46   1              init_T2();
  47   1              
  48   1              *distance = 0;
  49   1              
  50   1              send_trigB();
  51   1              
  52   1              while(!echoB);
  53   1              //开始计时
  54   1           TR2 = 1;
C51 COMPILER V9.01   ULTRASOUND                                                            02/23/2016 22:16:19 PAGE 2   

  55   1              while(echoB);
  56   1           TR2 = 0;
  57   1              //单位cm
  58   1              *distance = ((TH2*256 + TL2) * 1.866) / 100;
  59   1      }
  60          
  61          extern void send_trigB()
  62          {
  63   1              trigB = 1;
  64   1          delay_10us();
  65   1          trigB = 0;
  66   1      }
  67          
  68          //前测距并转化为字符串
  69          extern void measure_distanceF2str(uchar *str_d)
  70          {
  71   1              uint d;
  72   1              measure_distanceF(&d);
  73   1              str_d[0] = 'D';
  74   1              str_d[1] = num2char[d / 1000];
  75   1              str_d[2] = num2char[(d % 1000) / 100];
  76   1              str_d[3] = num2char[(d % 100) / 10];
  77   1              str_d[4] = num2char[d % 10];
  78   1      }
  79          //后测距并转化为字符串
  80          extern void measure_distanceB2str(uchar *str_d)
  81          {
  82   1              uint d;
  83   1              measure_distanceB(&d);
  84   1              str_d[0] = 'd';
  85   1              str_d[1] = num2char[d / 1000];
  86   1              str_d[2] = num2char[(d % 1000) / 100];
  87   1              str_d[3] = num2char[(d % 100) / 10];
  88   1              str_d[4] = num2char[d % 10];
  89   1      }


MODULE INFORMATION:   STATIC OVERLAYABLE
   CODE SIZE        =    584    ----
   CONSTANT SIZE    =   ----    ----
   XDATA SIZE       =   ----    ----
   PDATA SIZE       =   ----    ----
   DATA SIZE        =   ----      16
   IDATA SIZE       =   ----    ----
   BIT SIZE         =   ----    ----
END OF MODULE INFORMATION.


C51 COMPILATION COMPLETE.  0 WARNING(S),  0 ERROR(S)
